<?xml version="1.0" encoding="UTF-8"?>
<robot generator="Robot 7.3.2 (Python 3.11.4 on win32)" generated="2025-09-16T00:34:12.361638" rpa="false" schemaversion="5">
<suite id="s1" name="Login Tests" source="C:\Users\My_PC\Desktop\toman_task\Toman_interview_task\tests\login_tests.robot">
<test id="s1-t1" name="Successful Login With Mobile And Password" line="14">
<kw name="Open Digikala Login Page" owner="login_keywords">
<kw name="Open Browser" owner="SeleniumLibrary">
<msg time="2025-09-16T00:34:12.514250" level="INFO">Opening browser 'Chrome' to base url 'https://www.digikala.com/users/login/'.</msg>
<msg time="2025-09-16T00:34:14.130631" level="WARN">There was an error managing chromedriver (error sending request for url (https://googlechromelabs.github.io/chrome-for-testing/known-good-versions-with-downloads.json): error trying to connect: tls handshake eof); using driver found in the cache</msg>
<arg>https://www.digikala.com/users/login/</arg>
<arg>Chrome</arg>
<doc>Opens a new browser instance to the optional ``url``.</doc>
<status status="PASS" start="2025-09-16T00:34:12.514250" elapsed="5.735864"/>
</kw>
<kw name="Maximize Browser Window" owner="SeleniumLibrary">
<doc>Maximizes current browser window.</doc>
<status status="PASS" start="2025-09-16T00:34:18.250741" elapsed="0.038758"/>
</kw>
<kw name="Wait Until Page Contains Element" owner="SeleniumLibrary">
<arg>css:input[name="username"]</arg>
<arg>timeout=10s</arg>
<doc>Waits until the element ``locator`` appears on the current page.</doc>
<status status="PASS" start="2025-09-16T00:34:18.290694" elapsed="1.674486"/>
</kw>
<status status="PASS" start="2025-09-16T00:34:12.513225" elapsed="7.451955"/>
</kw>
<kw name="Login With Mobile And Password" owner="login_keywords">
<kw name="Input Text" owner="SeleniumLibrary">
<msg time="2025-09-16T00:34:19.966458" level="INFO">Typing text '09908917206' into text field 'css:input[name="username"]'.</msg>
<arg>css:input[name="username"]</arg>
<arg>${mobile}</arg>
<doc>Types the given ``text`` into the text field identified by ``locator``.</doc>
<status status="PASS" start="2025-09-16T00:34:19.966458" elapsed="0.061983"/>
</kw>
<kw name="Click Element" owner="SeleniumLibrary">
<msg time="2025-09-16T00:34:20.028959" level="INFO">Clicking element 'xpath=/html/body/div/main/div[2]/div[2]/form/button'.</msg>
<arg>xpath=/html/body/div/main/div[2]/div[2]/form/button</arg>
<doc>Click the element identified by ``locator``.</doc>
<status status="PASS" start="2025-09-16T00:34:20.028441" elapsed="0.098089"/>
</kw>
<kw name="Wait Until Page Contains Element" owner="SeleniumLibrary">
<arg>xpath=/html/body/div/main/div[2]/div[2]/button[1]</arg>
<doc>Waits until the element ``locator`` appears on the current page.</doc>
<status status="PASS" start="2025-09-16T00:34:20.126530" elapsed="1.759012"/>
</kw>
<kw name="Click Element" owner="SeleniumLibrary">
<msg time="2025-09-16T00:34:21.886549" level="INFO">Clicking element 'xpath=/html/body/div/main/div[2]/div[2]/button[1]'.</msg>
<arg>xpath=/html/body/div/main/div[2]/div[2]/button[1]</arg>
<doc>Click the element identified by ``locator``.</doc>
<status status="PASS" start="2025-09-16T00:34:21.886549" elapsed="0.046082"/>
</kw>
<kw name="Wait Until Page Contains Element" owner="SeleniumLibrary">
<arg>css:input[name="password"]</arg>
<arg>timeout=10s</arg>
<doc>Waits until the element ``locator`` appears on the current page.</doc>
<status status="PASS" start="2025-09-16T00:34:21.933225" elapsed="0.008463"/>
</kw>
<kw name="Input Text" owner="SeleniumLibrary">
<msg time="2025-09-16T00:34:21.942259" level="INFO">Typing text 'Erf@n5183' into text field 'css:input[name="password"]'.</msg>
<arg>css:input[name="password"]</arg>
<arg>${password}</arg>
<doc>Types the given ``text`` into the text field identified by ``locator``.</doc>
<status status="PASS" start="2025-09-16T00:34:21.941688" elapsed="0.054424"/>
</kw>
<kw name="Click Button" owner="SeleniumLibrary">
<msg time="2025-09-16T00:34:21.996112" level="INFO">Clicking button 'css:button[type="submit"]'.</msg>
<arg>css:button[type="submit"]</arg>
<doc>Clicks the button identified by ``locator``.</doc>
<status status="PASS" start="2025-09-16T00:34:21.996112" elapsed="0.053421"/>
</kw>
<kw name="Sleep" owner="BuiltIn">
<msg time="2025-09-16T00:34:27.049858" level="INFO">Slept 5 seconds.</msg>
<arg>5</arg>
<doc>Pauses the test executed for the given time.</doc>
<status status="PASS" start="2025-09-16T00:34:22.049533" elapsed="5.000325"/>
</kw>
<arg>${VALID_MOBILE}</arg>
<arg>${CORRECT_PASSWORD}</arg>
<status status="PASS" start="2025-09-16T00:34:19.965764" elapsed="7.084094"/>
</kw>
<kw name="Verify Successful Login" owner="login_keywords">
<kw name="Get Location" owner="SeleniumLibrary">
<msg time="2025-09-16T00:34:27.057890" level="INFO">${current_url} = https://www.digikala.com/</msg>
<var>${current_url}</var>
<doc>Returns the current browser window URL.</doc>
<status status="PASS" start="2025-09-16T00:34:27.051161" elapsed="0.006729"/>
</kw>
<kw name="Should Be Equal" owner="BuiltIn">
<arg>${current_url}</arg>
<arg>https://www.digikala.com/</arg>
<doc>Fails if the given objects are unequal.</doc>
<status status="PASS" start="2025-09-16T00:34:27.057890" elapsed="0.000668"/>
</kw>
<status status="PASS" start="2025-09-16T00:34:27.050569" elapsed="0.007989"/>
</kw>
<kw name="Close Browser" owner="login_keywords">
<kw name="Close All Browsers" owner="SeleniumLibrary">
<doc>Closes all open browsers and resets the browser cache.</doc>
<status status="PASS" start="2025-09-16T00:34:27.058558" elapsed="3.280816"/>
</kw>
<status status="PASS" start="2025-09-16T00:34:27.058558" elapsed="3.280816"/>
</kw>
<tag>Positive</tag>
<status status="PASS" start="2025-09-16T00:34:12.512225" elapsed="17.827149"/>
</test>
<test id="s1-t2" name="Unsuccessful Login With Mobile And Password" line="21">
<kw name="Open Digikala Login Page" owner="login_keywords">
<kw name="Open Browser" owner="SeleniumLibrary">
<msg time="2025-09-16T00:34:30.341766" level="INFO">Opening browser 'Chrome' to base url 'https://www.digikala.com/users/login/'.</msg>
<arg>https://www.digikala.com/users/login/</arg>
<arg>Chrome</arg>
<doc>Opens a new browser instance to the optional ``url``.</doc>
<status status="PASS" start="2025-09-16T00:34:30.341766" elapsed="13.282197"/>
</kw>
<kw name="Maximize Browser Window" owner="SeleniumLibrary">
<doc>Maximizes current browser window.</doc>
<status status="PASS" start="2025-09-16T00:34:43.624545" elapsed="0.039299"/>
</kw>
<kw name="Wait Until Page Contains Element" owner="SeleniumLibrary">
<arg>css:input[name="username"]</arg>
<arg>timeout=10s</arg>
<doc>Waits until the element ``locator`` appears on the current page.</doc>
<status status="PASS" start="2025-09-16T00:34:43.663844" elapsed="1.078824"/>
</kw>
<status status="PASS" start="2025-09-16T00:34:30.341228" elapsed="14.402086"/>
</kw>
<kw name="Login With Mobile And Password" owner="login_keywords">
<kw name="Input Text" owner="SeleniumLibrary">
<msg time="2025-09-16T00:34:44.743989" level="INFO">Typing text '09908917206' into text field 'css:input[name="username"]'.</msg>
<arg>css:input[name="username"]</arg>
<arg>${mobile}</arg>
<doc>Types the given ``text`` into the text field identified by ``locator``.</doc>
<status status="PASS" start="2025-09-16T00:34:44.743314" elapsed="0.071854"/>
</kw>
<kw name="Click Element" owner="SeleniumLibrary">
<msg time="2025-09-16T00:34:44.815168" level="INFO">Clicking element 'xpath=/html/body/div/main/div[2]/div[2]/form/button'.</msg>
<arg>xpath=/html/body/div/main/div[2]/div[2]/form/button</arg>
<doc>Click the element identified by ``locator``.</doc>
<status status="PASS" start="2025-09-16T00:34:44.815168" elapsed="0.049784"/>
</kw>
<kw name="Wait Until Page Contains Element" owner="SeleniumLibrary">
<arg>xpath=/html/body/div/main/div[2]/div[2]/button[1]</arg>
<doc>Waits until the element ``locator`` appears on the current page.</doc>
<status status="PASS" start="2025-09-16T00:34:44.865456" elapsed="1.494259"/>
</kw>
<kw name="Click Element" owner="SeleniumLibrary">
<msg time="2025-09-16T00:34:46.359715" level="INFO">Clicking element 'xpath=/html/body/div/main/div[2]/div[2]/button[1]'.</msg>
<arg>xpath=/html/body/div/main/div[2]/div[2]/button[1]</arg>
<doc>Click the element identified by ``locator``.</doc>
<status status="PASS" start="2025-09-16T00:34:46.359715" elapsed="0.071535"/>
</kw>
<kw name="Wait Until Page Contains Element" owner="SeleniumLibrary">
<arg>css:input[name="password"]</arg>
<arg>timeout=10s</arg>
<doc>Waits until the element ``locator`` appears on the current page.</doc>
<status status="PASS" start="2025-09-16T00:34:46.431617" elapsed="0.009317"/>
</kw>
<kw name="Input Text" owner="SeleniumLibrary">
<msg time="2025-09-16T00:34:46.441513" level="INFO">Typing text 'Erfan123456' into text field 'css:input[name="password"]'.</msg>
<arg>css:input[name="password"]</arg>
<arg>${password}</arg>
<doc>Types the given ``text`` into the text field identified by ``locator``.</doc>
<status status="PASS" start="2025-09-16T00:34:46.440934" elapsed="0.062320"/>
</kw>
<kw name="Click Button" owner="SeleniumLibrary">
<msg time="2025-09-16T00:34:46.503763" level="INFO">Clicking button 'css:button[type="submit"]'.</msg>
<arg>css:button[type="submit"]</arg>
<doc>Clicks the button identified by ``locator``.</doc>
<status status="PASS" start="2025-09-16T00:34:46.503254" elapsed="0.059053"/>
</kw>
<kw name="Sleep" owner="BuiltIn">
<msg time="2025-09-16T00:34:51.563299" level="INFO">Slept 5 seconds.</msg>
<arg>5</arg>
<doc>Pauses the test executed for the given time.</doc>
<status status="PASS" start="2025-09-16T00:34:46.562900" elapsed="5.000399"/>
</kw>
<arg>${VALID_MOBILE}</arg>
<arg>${INCORRECT_PASSWORD}</arg>
<status status="PASS" start="2025-09-16T00:34:44.743314" elapsed="6.819985"/>
</kw>
<kw name="Verify Unsuccessful Login" owner="login_keywords">
<kw name="Get Location" owner="SeleniumLibrary">
<msg time="2025-09-16T00:34:51.572077" level="INFO">${current_url} = https://www.digikala.com/users/login/</msg>
<var>${current_url}</var>
<doc>Returns the current browser window URL.</doc>
<status status="PASS" start="2025-09-16T00:34:51.564175" elapsed="0.007902"/>
</kw>
<kw name="Should Not Be Equal" owner="BuiltIn">
<arg>${current_url}</arg>
<arg>https://www.digikala.com/</arg>
<doc>Fails if the given objects are equal.</doc>
<status status="PASS" start="2025-09-16T00:34:51.573093" elapsed="0.000000"/>
</kw>
<status status="PASS" start="2025-09-16T00:34:51.564175" elapsed="0.008918"/>
</kw>
<kw name="Close Browser" owner="login_keywords">
<kw name="Close All Browsers" owner="SeleniumLibrary">
<doc>Closes all open browsers and resets the browser cache.</doc>
<status status="PASS" start="2025-09-16T00:34:51.574092" elapsed="3.324465"/>
</kw>
<status status="PASS" start="2025-09-16T00:34:51.574092" elapsed="3.324465"/>
</kw>
<tag>Negative</tag>
<status status="PASS" start="2025-09-16T00:34:30.339374" elapsed="24.559183"/>
</test>
<test id="s1-t3" name="Successful Login With Email And Password" line="28">
<kw name="Open Digikala Login Page" owner="login_keywords">
<kw name="Open Browser" owner="SeleniumLibrary">
<msg time="2025-09-16T00:34:54.901396" level="INFO">Opening browser 'Chrome' to base url 'https://www.digikala.com/users/login/'.</msg>
<arg>https://www.digikala.com/users/login/</arg>
<arg>Chrome</arg>
<doc>Opens a new browser instance to the optional ``url``.</doc>
<status status="PASS" start="2025-09-16T00:34:54.900877" elapsed="11.317008"/>
</kw>
<kw name="Maximize Browser Window" owner="SeleniumLibrary">
<doc>Maximizes current browser window.</doc>
<status status="PASS" start="2025-09-16T00:35:06.217885" elapsed="0.025969"/>
</kw>
<kw name="Wait Until Page Contains Element" owner="SeleniumLibrary">
<arg>css:input[name="username"]</arg>
<arg>timeout=10s</arg>
<doc>Waits until the element ``locator`` appears on the current page.</doc>
<status status="PASS" start="2025-09-16T00:35:06.243854" elapsed="1.692203"/>
</kw>
<status status="PASS" start="2025-09-16T00:34:54.900572" elapsed="13.035485"/>
</kw>
<kw name="Login With Mobile And Password" owner="login_keywords">
<kw name="Input Text" owner="SeleniumLibrary">
<msg time="2025-09-16T00:35:07.937061" level="INFO">Typing text 'erfanshafieeee@gmail.com' into text field 'css:input[name="username"]'.</msg>
<arg>css:input[name="username"]</arg>
<arg>${mobile}</arg>
<doc>Types the given ``text`` into the text field identified by ``locator``.</doc>
<status status="PASS" start="2025-09-16T00:35:07.937061" elapsed="0.081697"/>
</kw>
<kw name="Click Element" owner="SeleniumLibrary">
<msg time="2025-09-16T00:35:08.018758" level="INFO">Clicking element 'xpath=/html/body/div/main/div[2]/div[2]/form/button'.</msg>
<arg>xpath=/html/body/div/main/div[2]/div[2]/form/button</arg>
<doc>Click the element identified by ``locator``.</doc>
<status status="PASS" start="2025-09-16T00:35:08.018758" elapsed="0.055188"/>
</kw>
<kw name="Wait Until Page Contains Element" owner="SeleniumLibrary">
<arg>xpath=/html/body/div/main/div[2]/div[2]/button[1]</arg>
<doc>Waits until the element ``locator`` appears on the current page.</doc>
<status status="PASS" start="2025-09-16T00:35:08.074475" elapsed="2.731329"/>
</kw>
<kw name="Click Element" owner="SeleniumLibrary">
<msg time="2025-09-16T00:35:10.805804" level="INFO">Clicking element 'xpath=/html/body/div/main/div[2]/div[2]/button[1]'.</msg>
<arg>xpath=/html/body/div/main/div[2]/div[2]/button[1]</arg>
<doc>Click the element identified by ``locator``.</doc>
<status status="PASS" start="2025-09-16T00:35:10.805804" elapsed="0.057527"/>
</kw>
<kw name="Wait Until Page Contains Element" owner="SeleniumLibrary">
<arg>css:input[name="password"]</arg>
<arg>timeout=10s</arg>
<doc>Waits until the element ``locator`` appears on the current page.</doc>
<status status="PASS" start="2025-09-16T00:35:10.863331" elapsed="0.008989"/>
</kw>
<kw name="Input Text" owner="SeleniumLibrary">
<msg time="2025-09-16T00:35:10.872833" level="INFO">Typing text 'Erf@n5183' into text field 'css:input[name="password"]'.</msg>
<arg>css:input[name="password"]</arg>
<arg>${password}</arg>
<doc>Types the given ``text`` into the text field identified by ``locator``.</doc>
<status status="PASS" start="2025-09-16T00:35:10.872320" elapsed="0.080013"/>
</kw>
<kw name="Click Button" owner="SeleniumLibrary">
<msg time="2025-09-16T00:35:10.953335" level="INFO">Clicking button 'css:button[type="submit"]'.</msg>
<arg>css:button[type="submit"]</arg>
<doc>Clicks the button identified by ``locator``.</doc>
<status status="PASS" start="2025-09-16T00:35:10.952333" elapsed="0.048885"/>
</kw>
<kw name="Sleep" owner="BuiltIn">
<msg time="2025-09-16T00:35:16.003943" level="INFO">Slept 5 seconds.</msg>
<arg>5</arg>
<doc>Pauses the test executed for the given time.</doc>
<status status="PASS" start="2025-09-16T00:35:11.001218" elapsed="5.002725"/>
</kw>
<arg>${VALID_Email}</arg>
<arg>${CORRECT_PASSWORD}</arg>
<status status="PASS" start="2025-09-16T00:35:07.936057" elapsed="8.067886"/>
</kw>
<kw name="Verify Successful Login" owner="login_keywords">
<kw name="Get Location" owner="SeleniumLibrary">
<msg time="2025-09-16T00:35:16.041679" level="INFO">${current_url} = https://www.digikala.com/</msg>
<var>${current_url}</var>
<doc>Returns the current browser window URL.</doc>
<status status="PASS" start="2025-09-16T00:35:16.008569" elapsed="0.033110"/>
</kw>
<kw name="Should Be Equal" owner="BuiltIn">
<arg>${current_url}</arg>
<arg>https://www.digikala.com/</arg>
<doc>Fails if the given objects are unequal.</doc>
<status status="PASS" start="2025-09-16T00:35:16.042675" elapsed="0.000000"/>
</kw>
<status status="PASS" start="2025-09-16T00:35:16.008569" elapsed="0.034106"/>
</kw>
<kw name="Close Browser" owner="login_keywords">
<kw name="Close All Browsers" owner="SeleniumLibrary">
<doc>Closes all open browsers and resets the browser cache.</doc>
<status status="PASS" start="2025-09-16T00:35:16.043674" elapsed="3.273770"/>
</kw>
<status status="PASS" start="2025-09-16T00:35:16.043674" elapsed="3.273770"/>
</kw>
<tag>Positive</tag>
<status status="PASS" start="2025-09-16T00:34:54.899573" elapsed="24.418871"/>
</test>
<test id="s1-t4" name="Unsuccessful Login With Email And Password" line="35">
<kw name="Open Digikala Login Page" owner="login_keywords">
<kw name="Open Browser" owner="SeleniumLibrary">
<msg time="2025-09-16T00:35:19.320443" level="INFO">Opening browser 'Chrome' to base url 'https://www.digikala.com/users/login/'.</msg>
<arg>https://www.digikala.com/users/login/</arg>
<arg>Chrome</arg>
<doc>Opens a new browser instance to the optional ``url``.</doc>
<status status="PASS" start="2025-09-16T00:35:19.320443" elapsed="4.756201"/>
</kw>
<kw name="Maximize Browser Window" owner="SeleniumLibrary">
<doc>Maximizes current browser window.</doc>
<status status="PASS" start="2025-09-16T00:35:24.076644" elapsed="0.034302"/>
</kw>
<kw name="Wait Until Page Contains Element" owner="SeleniumLibrary">
<arg>css:input[name="username"]</arg>
<arg>timeout=10s</arg>
<doc>Waits until the element ``locator`` appears on the current page.</doc>
<status status="PASS" start="2025-09-16T00:35:24.110946" elapsed="1.089084"/>
</kw>
<status status="PASS" start="2025-09-16T00:35:19.320443" elapsed="5.879587"/>
</kw>
<kw name="Login With Mobile And Password" owner="login_keywords">
<kw name="Input Text" owner="SeleniumLibrary">
<msg time="2025-09-16T00:35:25.201044" level="INFO">Typing text 'erfanshafieeee@gmail.com' into text field 'css:input[name="username"]'.</msg>
<arg>css:input[name="username"]</arg>
<arg>${mobile}</arg>
<doc>Types the given ``text`` into the text field identified by ``locator``.</doc>
<status status="PASS" start="2025-09-16T00:35:25.201044" elapsed="0.076065"/>
</kw>
<kw name="Click Element" owner="SeleniumLibrary">
<msg time="2025-09-16T00:35:25.278123" level="INFO">Clicking element 'xpath=/html/body/div/main/div[2]/div[2]/form/button'.</msg>
<arg>xpath=/html/body/div/main/div[2]/div[2]/form/button</arg>
<doc>Click the element identified by ``locator``.</doc>
<status status="PASS" start="2025-09-16T00:35:25.277109" elapsed="0.050439"/>
</kw>
<kw name="Wait Until Page Contains Element" owner="SeleniumLibrary">
<arg>xpath=/html/body/div/main/div[2]/div[2]/button[1]</arg>
<doc>Waits until the element ``locator`` appears on the current page.</doc>
<status status="PASS" start="2025-09-16T00:35:25.327548" elapsed="1.052333"/>
</kw>
<kw name="Click Element" owner="SeleniumLibrary">
<msg time="2025-09-16T00:35:26.379881" level="INFO">Clicking element 'xpath=/html/body/div/main/div[2]/div[2]/button[1]'.</msg>
<arg>xpath=/html/body/div/main/div[2]/div[2]/button[1]</arg>
<doc>Click the element identified by ``locator``.</doc>
<status status="PASS" start="2025-09-16T00:35:26.379881" elapsed="0.043161"/>
</kw>
<kw name="Wait Until Page Contains Element" owner="SeleniumLibrary">
<arg>css:input[name="password"]</arg>
<arg>timeout=10s</arg>
<doc>Waits until the element ``locator`` appears on the current page.</doc>
<status status="PASS" start="2025-09-16T00:35:26.423042" elapsed="0.008271"/>
</kw>
<kw name="Input Text" owner="SeleniumLibrary">
<msg time="2025-09-16T00:35:26.431313" level="INFO">Typing text 'Erfan123456' into text field 'css:input[name="password"]'.</msg>
<arg>css:input[name="password"]</arg>
<arg>${password}</arg>
<doc>Types the given ``text`` into the text field identified by ``locator``.</doc>
<status status="PASS" start="2025-09-16T00:35:26.431313" elapsed="0.060815"/>
</kw>
<kw name="Click Button" owner="SeleniumLibrary">
<msg time="2025-09-16T00:35:26.492632" level="INFO">Clicking button 'css:button[type="submit"]'.</msg>
<arg>css:button[type="submit"]</arg>
<doc>Clicks the button identified by ``locator``.</doc>
<status status="PASS" start="2025-09-16T00:35:26.492632" elapsed="0.047862"/>
</kw>
<kw name="Sleep" owner="BuiltIn">
<msg time="2025-09-16T00:35:31.541906" level="INFO">Slept 5 seconds.</msg>
<arg>5</arg>
<doc>Pauses the test executed for the given time.</doc>
<status status="PASS" start="2025-09-16T00:35:26.540494" elapsed="5.001412"/>
</kw>
<arg>${VALID_Email}</arg>
<arg>${INCORRECT_PASSWORD}</arg>
<status status="PASS" start="2025-09-16T00:35:25.201044" elapsed="6.340862"/>
</kw>
<kw name="Verify Unsuccessful Login" owner="login_keywords">
<kw name="Get Location" owner="SeleniumLibrary">
<msg time="2025-09-16T00:35:31.552543" level="INFO">${current_url} = https://www.digikala.com/users/password/forgot/</msg>
<var>${current_url}</var>
<doc>Returns the current browser window URL.</doc>
<status status="PASS" start="2025-09-16T00:35:31.542520" elapsed="0.010023"/>
</kw>
<kw name="Should Not Be Equal" owner="BuiltIn">
<arg>${current_url}</arg>
<arg>https://www.digikala.com/</arg>
<doc>Fails if the given objects are equal.</doc>
<status status="PASS" start="2025-09-16T00:35:31.552543" elapsed="0.000000"/>
</kw>
<status status="PASS" start="2025-09-16T00:35:31.542520" elapsed="0.010023"/>
</kw>
<kw name="Close Browser" owner="login_keywords">
<kw name="Close All Browsers" owner="SeleniumLibrary">
<doc>Closes all open browsers and resets the browser cache.</doc>
<status status="PASS" start="2025-09-16T00:35:31.553526" elapsed="3.285328"/>
</kw>
<status status="PASS" start="2025-09-16T00:35:31.553526" elapsed="3.285328"/>
</kw>
<tag>Negative</tag>
<status status="PASS" start="2025-09-16T00:35:19.319445" elapsed="15.520427"/>
</test>
<status status="PASS" start="2025-09-16T00:34:12.362643" elapsed="82.478226"/>
</suite>
<statistics>
<total>
<stat pass="4" fail="0" skip="0">All Tests</stat>
</total>
<tag>
<stat pass="2" fail="0" skip="0">Negative</stat>
<stat pass="2" fail="0" skip="0">Positive</stat>
</tag>
<suite>
<stat name="Login Tests" id="s1" pass="4" fail="0" skip="0">Login Tests</stat>
</suite>
</statistics>
<errors>
<msg time="2025-09-16T00:34:14.130631" level="WARN">There was an error managing chromedriver (error sending request for url (https://googlechromelabs.github.io/chrome-for-testing/known-good-versions-with-downloads.json): error trying to connect: tls handshake eof); using driver found in the cache</msg>
</errors>
</robot>
